<?xml version="1.0" encoding="UTF-8"?>
<testng-results total="2" passed="2" failed="0" skipped="0">
  <reporter-output>
  </reporter-output>
  <suite started-at="2018-05-08T07:00:08Z" name="Suite" finished-at="2018-05-08T07:00:14Z" duration-ms="6117">
    <groups>
    </groups>
    <test started-at="2018-05-08T07:00:08Z" name="mapSynqTestClass" finished-at="2018-05-08T07:00:14Z" duration-ms="6117">
      <class name="mapSynqTest.mapSynqTestClass">
        <test-method is-config="true" signature="beforeSuite()[pri:0, instance:mapSynqTest.mapSynqTestClass@14c01636]" started-at="2018-05-08T15:00:08Z" name="beforeSuite" finished-at="2018-05-08T15:00:08Z" duration-ms="359" status="PASS">
          <reporter-output>
          </reporter-output>
        </test-method> <!-- beforeSuite -->
        <test-method is-config="true" signature="beforeTest()[pri:0, instance:mapSynqTest.mapSynqTestClass@14c01636]" started-at="2018-05-08T15:00:08Z" name="beforeTest" finished-at="2018-05-08T15:00:09Z" duration-ms="936" status="PASS">
          <reporter-output>
          </reporter-output>
        </test-method> <!-- beforeTest -->
        <test-method signature="ValidateDirectionDisplayedForFilledSourceAndDestination()[pri:0, instance:mapSynqTest.mapSynqTestClass@14c01636]" started-at="2018-05-08T15:00:09Z" name="ValidateDirectionDisplayedForFilledSourceAndDestination" description="Open a browser with http://www.mapsynq.com/ url, clear route, fill source and destination,click on getdirection button" finished-at="2018-05-08T15:00:13Z" duration-ms="3799" status="PASS">
          <reporter-output>
          </reporter-output>
        </test-method> <!-- ValidateDirectionDisplayedForFilledSourceAndDestination -->
        <test-method signature="ValidateAndClickAlertForUnfilledSourceAndDestination()[pri:0, instance:mapSynqTest.mapSynqTestClass@14c01636]" started-at="2018-05-08T15:00:13Z" name="ValidateAndClickAlertForUnfilledSourceAndDestination" description="Open a browser with http://www.mapsynq.com/ url" finished-at="2018-05-08T15:00:14Z" duration-ms="522" status="PASS">
          <reporter-output>
          </reporter-output>
        </test-method> <!-- ValidateAndClickAlertForUnfilledSourceAndDestination -->
        <test-method is-config="true" signature="afterTest()[pri:0, instance:mapSynqTest.mapSynqTestClass@14c01636]" started-at="2018-05-08T15:00:14Z" name="afterTest" finished-at="2018-05-08T15:00:14Z" duration-ms="0" status="PASS">
          <reporter-output>
          </reporter-output>
        </test-method> <!-- afterTest -->
        <test-method is-config="true" signature="afterSuite()[pri:0, instance:mapSynqTest.mapSynqTestClass@14c01636]" started-at="2018-05-08T15:00:14Z" name="afterSuite" finished-at="2018-05-08T15:00:14Z" duration-ms="0" status="PASS">
          <reporter-output>
          </reporter-output>
        </test-method> <!-- afterSuite -->
      </class> <!-- mapSynqTest.mapSynqTestClass -->
    </test> <!-- mapSynqTestClass -->
  </suite> <!-- Suite -->
</testng-results>
