<?xml version="1.0" encoding="UTF-8"?>
<testng-results total="1" passed="1" failed="0" skipped="0">
  <reporter-output>
  </reporter-output>
  <suite started-at="2018-05-08T04:27:01Z" name="Suite" finished-at="2018-05-08T04:27:03Z" duration-ms="2287">
    <groups>
    </groups>
    <test started-at="2018-05-08T04:27:01Z" name="mapSynqTest" finished-at="2018-05-08T04:27:03Z" duration-ms="2287">
      <class name="mapSynq.Lubna.TestCases.mapSynqTest">
        <test-method is-config="true" signature="beforeSuite()[pri:0, instance:mapSynq.Lubna.TestCases.mapSynqTest@2f9a01c1]" started-at="2018-05-08T12:26:58Z" name="beforeSuite" finished-at="2018-05-08T12:27:01Z" duration-ms="2299" status="PASS">
          <reporter-output>
          </reporter-output>
        </test-method> <!-- beforeSuite -->
        <test-method is-config="true" signature="beforeTest()[pri:0, instance:mapSynq.Lubna.TestCases.mapSynqTest@2f9a01c1]" started-at="2018-05-08T12:27:01Z" name="beforeTest" finished-at="2018-05-08T12:27:03Z" duration-ms="2120" status="PASS">
          <reporter-output>
          </reporter-output>
        </test-method> <!-- beforeTest -->
        <test-method signature="ValidateDirectionDisplayedForFilledSourceAndDestination()[pri:0, instance:mapSynq.Lubna.TestCases.mapSynqTest@2f9a01c1]" started-at="2018-05-08T12:27:03Z" name="ValidateDirectionDisplayedForFilledSourceAndDestination" description="Open a browser with http://www.mapsynq.com/ url, clear route, fill source and destination,click on getdirection button" finished-at="2018-05-08T12:27:03Z" duration-ms="45" status="PASS">
          <reporter-output>
          </reporter-output>
        </test-method> <!-- ValidateDirectionDisplayedForFilledSourceAndDestination -->
        <test-method is-config="true" signature="afterTest()[pri:0, instance:mapSynq.Lubna.TestCases.mapSynqTest@2f9a01c1]" started-at="2018-05-08T12:27:03Z" name="afterTest" finished-at="2018-05-08T12:27:03Z" duration-ms="0" status="PASS">
          <reporter-output>
          </reporter-output>
        </test-method> <!-- afterTest -->
        <test-method is-config="true" signature="afterSuite()[pri:0, instance:mapSynq.Lubna.TestCases.mapSynqTest@2f9a01c1]" started-at="2018-05-08T12:27:03Z" name="afterSuite" finished-at="2018-05-08T12:27:03Z" duration-ms="0" status="PASS">
          <reporter-output>
          </reporter-output>
        </test-method> <!-- afterSuite -->
      </class> <!-- mapSynq.Lubna.TestCases.mapSynqTest -->
    </test> <!-- mapSynqTest -->
  </suite> <!-- Suite -->
</testng-results>
