<?xml version="1.0" encoding="UTF-8"?>
<!-- Generated by org.testng.reporters.JUnitXMLReporter -->
<testsuite hostname="Asifs-MBP" failures="0" tests="2" name="Default test" time="5.829" errors="0" timestamp="8 May 2018 06:58:01 GMT">
  <testcase classname="mapSynqTest.mapSynqTestClass" name="ValidateDirectionDisplayedForFilledSourceAndDestination" time="4.346"/>
  <testcase classname="mapSynqTest.mapSynqTestClass" name="ValidateAndClickAlertForUnfilledSourceAndDestination" time="0.534"/>
</testsuite> <!-- Default test -->
