<?xml version="1.0" encoding="UTF-8"?>
<!-- Generated by org.testng.reporters.JUnitXMLReporter -->
<testsuite hostname="Asifs-MBP" failures="0" tests="2" name="Default test" time="7.403" errors="0" timestamp="8 May 2018 16:19:17 GMT">
  <testcase classname="mapSynqTest.mapSynqLiveTestCaseClass" name="ValidateErrorMessageDisplayedForInvalidLogin" time="1.144"/>
  <testcase classname="mapSynqTest.mapSynqLiveTestCaseClass" name="ValidateValidLogin" time="4.236"/>
</testsuite> <!-- Default test -->
