<?xml version="1.0" encoding="UTF-8"?>
<!-- Generated by org.testng.reporters.JUnitXMLReporter -->
<testsuite hostname="Asifs-MBP" failures="0" tests="2" name="TestNG.xml" time="1.837" errors="0" timestamp="8 May 2018 03:09:58 GMT">
  <testcase classname="mapSynq.Lubna.TestCases.mapSynqTest" name="ValidateDirectionDisplayedForFilledSourceAndDestination" time="0.007"/>
  <testcase classname="mapSynq.Lubna.TestCases.mapSynqTest" name="ValidateAndClickAlertForUnfilledSourceAndDestination" time="0.002"/>
</testsuite> <!-- TestNG.xml -->
