<?xml version="1.0" encoding="UTF-8"?>
<!-- Generated by org.testng.reporters.JUnitXMLReporter -->
<testsuite hostname="Asifs-MBP" failures="0" tests="4" name="mapSynqTestClass" time="14.079" errors="0" timestamp="8 May 2018 12:11:01 GMT">
  <testcase classname="mapSynqTest.mapSynqTestClass" name="ValidateDirectionDisplayedForFilledSourceAndDestination" time="3.332"/>
  <testcase classname="mapSynqTest.mapSynqTestClass" name="ValidateAndClickAlertForUnfilledSourceAndDestination" time="0.652"/>
  <testcase classname="mapSynqTest.mapSynqTestClass" name="ValidateAndClickOnAlertForAllCheckboxesUnchecked" time="0.053"/>
  <testcase classname="mapSynqTest.mapSynqTestClass" name="ValidateDirectionDisplayedForAllCheckboxesChecked" time="3.164"/>
</testsuite> <!-- mapSynqTestClass -->
