<?xml version="1.0" encoding="UTF-8"?>
<!-- Generated by org.testng.reporters.JUnitXMLReporter -->
<testsuite hostname="Asifs-MBP" failures="0" tests="2" name="mapSynqTestClass" time="6.117" errors="0" timestamp="8 May 2018 07:00:14 GMT">
  <testcase classname="mapSynqTest.mapSynqTestClass" name="ValidateDirectionDisplayedForFilledSourceAndDestination" time="3.799"/>
  <testcase classname="mapSynqTest.mapSynqTestClass" name="ValidateAndClickAlertForUnfilledSourceAndDestination" time="0.522"/>
</testsuite> <!-- mapSynqTestClass -->
